mode: atomic
github.com/scootdev/scoot/sched/main.go:10.13,21.12 7 0
github.com/scootdev/scoot/sched/main.go:26.2,26.12 1 0
github.com/scootdev/scoot/sched/main.go:31.2,32.57 2 0
github.com/scootdev/scoot/sched/main.go:21.12,24.3 2 0
github.com/scootdev/scoot/sched/main.go:26.12,29.3 2 0
github.com/scootdev/scoot/sched/main.go:38.39,41.27 2 2
github.com/scootdev/scoot/sched/main.go:52.2,52.11 1 2
github.com/scootdev/scoot/sched/main.go:41.27,45.32 3 200000
github.com/scootdev/scoot/sched/main.go:45.32,49.4 2 200000
github.com/scootdev/scoot/sched/main.go:63.54,65.32 1 0
github.com/scootdev/scoot/sched/main.go:68.2,68.13 1 0
github.com/scootdev/scoot/sched/main.go:65.32,67.3 1 0
