mode: atomic
github.com/scootdev/scoot/sched/clustermembership/dynamicCluster.go:15.43,17.2 1 11
github.com/scootdev/scoot/sched/clustermembership/dynamicCluster.go:22.42,25.9 2 4
github.com/scootdev/scoot/sched/clustermembership/dynamicCluster.go:25.9,28.3 2 3
github.com/scootdev/scoot/sched/clustermembership/dynamicCluster.go:35.52,37.37 2 2
github.com/scootdev/scoot/sched/clustermembership/dynamicCluster.go:44.2,44.24 1 2
github.com/scootdev/scoot/sched/clustermembership/dynamicCluster.go:37.37,38.26 1 1
github.com/scootdev/scoot/sched/clustermembership/dynamicCluster.go:38.26,40.9 2 1
github.com/scootdev/scoot/sched/clustermembership/dynamicCluster.go:44.24,47.3 2 1
github.com/scootdev/scoot/sched/clustermembership/dynamicCluster.go:54.65,58.36 3 6
github.com/scootdev/scoot/sched/clustermembership/dynamicCluster.go:63.2,66.3 1 6
github.com/scootdev/scoot/sched/clustermembership/dynamicCluster.go:58.36,61.3 2 11
github.com/scootdev/scoot/sched/clustermembership/staticCluster.go:14.42,16.2 1 2
github.com/scootdev/scoot/sched/clustermembership/staticCluster.go:22.56,26.2 1 2
